Mon May 23 15:14:43 BST 2011: Creating new db @ /Users/cnoppani/IdeaProjects/LunchSelector/src/main/resource/db/neostore
Mon May 23 15:14:44 BST 2011: Opened [/Users/cnoppani/IdeaProjects/LunchSelector/src/main/resource/db/nioneo_logical.log.1] clean empty log, version=0
Mon May 23 15:14:44 BST 2011: Opened [/Users/cnoppani/IdeaProjects/LunchSelector/src/main/resource/db/index/lucene.log.1] clean empty log, version=0
Mon May 23 15:14:44 BST 2011: TM new log: tm_tx_log.1
Mon May 23 15:14:44 BST 2011: --- CONFIGURATION START ---
Mon May 23 15:14:44 BST 2011: Physical mem: 4096MB, Heap size: 123MB
Mon May 23 15:14:44 BST 2011: Kernel version: Neo4j - Graph Database Kernel 1.4.M02
Mon May 23 15:14:44 BST 2011: Neo4j - Graph Database Kernel 1.4.M02
Mon May 23 15:14:44 BST 2011: Operating System: Mac OS X; version: 10.6.7; arch: x86_64; cpus: 2
Mon May 23 15:14:44 BST 2011: VM Name: Java HotSpot(TM) 64-Bit Server VM
Mon May 23 15:14:44 BST 2011: VM Vendor: Apple Inc.
Mon May 23 15:14:44 BST 2011: VM Version: 19.1-b02-334
Mon May 23 15:14:44 BST 2011: Boot Class Path: /System/Library/Java/JavaVirtualMachines/1.6.0.jdk/Contents/Classes/jsfd.jar:/System/Library/Java/JavaVirtualMachines/1.6.0.jdk/Contents/Classes/classes.jar:/System/Library/Frameworks/JavaVM.framework/Frameworks/JavaRuntimeSupport.framework/Resources/Java/JavaRuntimeSupport.jar:/System/Library/Java/JavaVirtualMachines/1.6.0.jdk/Contents/Classes/ui.jar:/System/Library/Java/JavaVirtualMachines/1.6.0.jdk/Contents/Classes/laf.jar:/System/Library/Java/JavaVirtualMachines/1.6.0.jdk/Contents/Classes/sunrsasign.jar:/System/Library/Java/JavaVirtualMachines/1.6.0.jdk/Contents/Classes/jsse.jar:/System/Library/Java/JavaVirtualMachines/1.6.0.jdk/Contents/Classes/jce.jar:/System/Library/Java/JavaVirtualMachines/1.6.0.jdk/Contents/Classes/charsets.jar
Mon May 23 15:14:44 BST 2011: Class Path: /Applications/IntelliJ IDEA 10.app/lib/idea_rt.jar:/Applications/IntelliJ IDEA 10.app/plugins/junit/lib/junit-rt.jar:/System/Library/Java/Support/CoreDeploy.bundle/Contents/Resources/Java/deploy.jar:/System/Library/Java/JavaVirtualMachines/1.6.0.jdk/Contents/Home/lib/dt.jar:/System/Library/Java/JavaVirtualMachines/1.6.0.jdk/Contents/Home/lib/javaws.jar:/System/Library/Java/JavaVirtualMachines/1.6.0.jdk/Contents/Home/lib/jce.jar:/System/Library/Java/JavaVirtualMachines/1.6.0.jdk/Contents/Home/lib/jconsole.jar:/System/Library/Java/JavaVirtualMachines/1.6.0.jdk/Contents/Home/lib/management-agent.jar:/System/Library/Java/JavaVirtualMachines/1.6.0.jdk/Contents/Home/lib/plugin.jar:/System/Library/Java/JavaVirtualMachines/1.6.0.jdk/Contents/Home/lib/sa-jdi.jar:/System/Library/Java/JavaVirtualMachines/1.6.0.jdk/Contents/Classes/alt-rt.jar:/System/Library/Java/JavaVirtualMachines/1.6.0.jdk/Contents/Classes/alt-string.jar:/System/Library/Java/JavaVirtualMachines/1.6.0.jdk/Contents/Classes/charsets.jar:/System/Library/Java/JavaVirtualMachines/1.6.0.jdk/Contents/Classes/classes.jar:/System/Library/Java/JavaVirtualMachines/1.6.0.jdk/Contents/Classes/jsse.jar:/System/Library/Java/JavaVirtualMachines/1.6.0.jdk/Contents/Classes/ui.jar:/System/Library/Java/JavaVirtualMachines/1.6.0.jdk/Contents/Home/lib/ext/apple_provider.jar:/System/Library/Java/JavaVirtualMachines/1.6.0.jdk/Contents/Home/lib/ext/dnsns.jar:/System/Library/Java/JavaVirtualMachines/1.6.0.jdk/Contents/Home/lib/ext/localedata.jar:/System/Library/Java/JavaVirtualMachines/1.6.0.jdk/Contents/Home/lib/ext/sunjce_provider.jar:/System/Library/Java/JavaVirtualMachines/1.6.0.jdk/Contents/Home/lib/ext/sunpkcs11.jar:/Users/cnoppani/IdeaProjects/LunchSelector/target/test-classes:/Users/cnoppani/IdeaProjects/LunchSelector/target/classes:/Users/cnoppani/.m2/repository/junit/junit/4.8/junit-4.8.jar:/Users/cnoppani/.m2/repository/org/neo4j/neo4j/1.4.M02/neo4j-1.4.M02.jar:/Users/cnoppani/.m2/repository/org/neo4j/neo4j-kernel/1.4.M02/neo4j-kernel-1.4.M02.jar:/Users/cnoppani/.m2/repository/org/neo4j/neo4j-lucene-index/1.4.M02/neo4j-lucene-index-1.4.M02.jar:/Users/cnoppani/.m2/repository/org/apache/lucene/lucene-core/3.1.0/lucene-core-3.1.0.jar:/Users/cnoppani/.m2/repository/org/neo4j/neo4j-graph-algo/1.4.M02/neo4j-graph-algo-1.4.M02.jar:/Users/cnoppani/.m2/repository/org/neo4j/neo4j-udc/1.4.M02/neo4j-udc-1.4.M02.jar:/Users/cnoppani/.m2/repository/org/neo4j/neo4j-jmx/1.4.M02/neo4j-jmx-1.4.M02.jar:/Users/cnoppani/.m2/repository/org/hibernate/hibernate-core/3.3.0.SP1/hibernate-core-3.3.0.SP1.jar:/Users/cnoppani/.m2/repository/antlr/antlr/2.7.6/antlr-2.7.6.jar:/Users/cnoppani/.m2/repository/commons-collections/commons-collections/3.1/commons-collections-3.1.jar:/Users/cnoppani/.m2/repository/dom4j/dom4j/1.6.1/dom4j-1.6.1.jar:/Users/cnoppani/.m2/repository/xml-apis/xml-apis/1.0.b2/xml-apis-1.0.b2.jar:/Users/cnoppani/.m2/repository/javax/transaction/jta/1.1/jta-1.1.jar:/Users/cnoppani/.m2/repository/org/slf4j/slf4j-api/1.4.2/slf4j-api-1.4.2.jar:/Users/cnoppani/.m2/repository/org/hibernate/hibernate-annotations/3.4.0.GA/hibernate-annotations-3.4.0.GA.jar:/Users/cnoppani/.m2/repository/org/hibernate/ejb3-persistence/1.0.2.GA/ejb3-persistence-1.0.2.GA.jar:/Users/cnoppani/.m2/repository/org/hibernate/hibernate-commons-annotations/3.3.0.ga/hibernate-commons-annotations-3.3.0.ga.jar:/Users/cnoppani/.m2/repository/org/hibernate/hibernate/3.2.1.ga/hibernate-3.2.1.ga.jar:/Users/cnoppani/.m2/repository/net/sf/ehcache/ehcache/1.2.3/ehcache-1.2.3.jar:/Users/cnoppani/.m2/repository/commons-logging/commons-logging/1.1.1/commons-logging-1.1.1.jar:/Users/cnoppani/.m2/repository/asm/asm-attrs/1.5.3/asm-attrs-1.5.3.jar:/Users/cnoppani/.m2/repository/cglib/cglib/2.1_3/cglib-2.1_3.jar:/Users/cnoppani/.m2/repository/asm/asm/1.5.3/asm-1.5.3.jar:/Users/cnoppani/.m2/repository/javax/persistence/persistence-api/1.0/persistence-api-1.0.jar:/Users/cnoppani/.m2/repository/org/hibernate/hibernate-entitymanager/3.4.0.GA/hibernate-entitymanager-3.4.0.GA.jar:/Users/cnoppani/.m2/repository/javassist/javassist/3.4.GA/javassist-3.4.GA.jar:/Users/cnoppani/.m2/repository/org/springframework/spring-core/3.0.5.RELEASE/spring-core-3.0.5.RELEASE.jar:/Users/cnoppani/.m2/repository/org/springframework/spring-asm/3.0.5.RELEASE/spring-asm-3.0.5.RELEASE.jar:/Users/cnoppani/.m2/repository/org/springframework/spring-expression/3.0.5.RELEASE/spring-expression-3.0.5.RELEASE.jar:/Users/cnoppani/.m2/repository/org/springframework/spring-beans/3.0.5.RELEASE/spring-beans-3.0.5.RELEASE.jar:/Users/cnoppani/.m2/repository/org/springframework/spring-aop/3.0.5.RELEASE/spring-aop-3.0.5.RELEASE.jar:/Users/cnoppani/.m2/repository/aopalliance/aopalliance/1.0/aopalliance-1.0.jar:/Users/cnoppani/.m2/repository/org/springframework/spring-context/3.0.5.RELEASE/spring-context-3.0.5.RELEASE.jar:/Users/cnoppani/.m2/repository/org/springframework/spring-context-support/3.0.5.RELEASE/spring-context-support-3.0.5.RELEASE.jar:/Users/cnoppani/.m2/repository/org/springframework/spring-tx/3.0.5.RELEASE/spring-tx-3.0.5.RELEASE.jar:/Users/cnoppani/.m2/repository/org/springframework/spring-jdbc/3.0.5.RELEASE/spring-jdbc-3.0.5.RELEASE.jar:/Users/cnoppani/.m2/repository/org/springframework/spring-orm/3.0.5.RELEASE/spring-orm-3.0.5.RELEASE.jar:/Users/cnoppani/.m2/repository/org/springframework/spring-oxm/3.0.5.RELEASE/spring-oxm-3.0.5.RELEASE.jar:/Users/cnoppani/.m2/repository/org/springframework/spring-web/3.0.5.RELEASE/spring-web-3.0.5.RELEASE.jar:/Users/cnoppani/.m2/repository/org/springframework/spring-webmvc/3.0.5.RELEASE/spring-webmvc-3.0.5.RELEASE.jar:/Users/cnoppani/.m2/repository/org/springframework/spring-webmvc-portlet/3.0.5.RELEASE/spring-webmvc-portlet-3.0.5.RELEASE.jar:/Users/cnoppani/.m2/repository/org/springframework/spring-test/3.0.5.RELEASE/spring-test-3.0.5.RELEASE.jar
Mon May 23 15:14:44 BST 2011: Library Path: /Applications/IntelliJ IDEA 10.app/Contents/Resources/Java:/System/Library/PrivateFrameworks/JavaApplicationLauncher.framework/Resources:.:/Library/Java/Extensions:/System/Library/Java/Extensions:/usr/lib/java
Mon May 23 15:14:44 BST 2011: Garbage Collector: ParNew: [Par Eden Space, Par Survivor Space]
Mon May 23 15:14:44 BST 2011: Garbage Collector: ConcurrentMarkSweep: [Par Eden Space, Par Survivor Space, CMS Old Gen, CMS Perm Gen]
Mon May 23 15:14:44 BST 2011: VM Arguments: [-Dfile.encoding=UTF-8]
Mon May 23 15:14:44 BST 2011: 
Mon May 23 15:14:44 BST 2011: create=true
Mon May 23 15:14:44 BST 2011: logical_log=/Users/cnoppani/IdeaProjects/LunchSelector/src/main/resource/db/nioneo_logical.log
Mon May 23 15:14:44 BST 2011: neo_store=/Users/cnoppani/IdeaProjects/LunchSelector/src/main/resource/db/neostore
Mon May 23 15:14:44 BST 2011: neostore.nodestore.db.mapped_memory=20M
Mon May 23 15:14:44 BST 2011: neostore.propertystore.db.arrays.mapped_memory=130M
Mon May 23 15:14:44 BST 2011: neostore.propertystore.db.index.keys.mapped_memory=1M
Mon May 23 15:14:44 BST 2011: neostore.propertystore.db.index.mapped_memory=1M
Mon May 23 15:14:44 BST 2011: neostore.propertystore.db.mapped_memory=90M
Mon May 23 15:14:44 BST 2011: neostore.propertystore.db.strings.mapped_memory=130M
Mon May 23 15:14:44 BST 2011: neostore.relationshipstore.db.mapped_memory=100M
Mon May 23 15:14:44 BST 2011: rebuild_idgenerators_fast=true
Mon May 23 15:14:44 BST 2011: store_dir=/Users/cnoppani/IdeaProjects/LunchSelector/src/main/resource/db
Mon May 23 15:14:44 BST 2011: use_memory_mapped_buffers=true
Mon May 23 15:14:44 BST 2011: use_memory_mapped_log=false
Mon May 23 15:14:44 BST 2011: --- CONFIGURATION END ---
Mon May 23 15:14:44 BST 2011: Extension org.neo4j.kernel.KernelExtension[kernel udc] loaded ok
Mon May 23 15:14:44 BST 2011: Extension org.neo4j.kernel.KernelExtension[kernel jmx] loaded ok
